<?xml version="1.0" encoding="UTF-8"?>
<coverage generated="1536006949650" clover="3.2.0">
  <project timestamp="1536006949651" name="All files">
    <metrics statements="99" coveredstatements="78" conditionals="28" coveredconditionals="18" methods="16" coveredmethods="14" elements="143" coveredelements="110" complexity="0" loc="99" ncloc="99" packages="2" files="3" classes="3">
      <package name="lim20181-Track-FE-markdown-list">
        <metrics statements="59" coveredstatements="44" conditionals="22" coveredconditionals="15" methods="8" coveredmethods="7"/>
        <file name="index.js" path="C:\Users\ANDREA\Documents\JavaScript\marckdown\lim20181-Track-FE-markdown-list\index.js">
          <metrics statements="59" coveredstatements="44" conditionals="22" coveredconditionals="15" methods="8" coveredmethods="7"/>
          <line num="1" count="1" type="stmt"/>
          <line num="2" count="1" type="stmt"/>
          <line num="3" count="1" type="stmt"/>
          <line num="6" count="1" type="stmt"/>
          <line num="8" count="3" type="stmt"/>
          <line num="9" count="3" type="stmt"/>
          <line num="11" count="3" type="stmt"/>
          <line num="13" count="3" type="stmt"/>
          <line num="14" count="3" type="stmt"/>
          <line num="15" count="3" type="stmt"/>
          <line num="16" count="3" type="stmt"/>
          <line num="18" count="3" type="cond" truecount="1" falsecount="1"/>
          <line num="19" count="3" type="stmt"/>
          <line num="20" count="3" type="stmt"/>
          <line num="21" count="3" type="stmt"/>
          <line num="22" count="12" type="cond" truecount="3" falsecount="1"/>
          <line num="23" count="12" type="stmt"/>
          <line num="26" count="3" type="stmt"/>
          <line num="28" count="3" type="cond" truecount="1" falsecount="1"/>
          <line num="29" count="3" type="cond" truecount="4" falsecount="0"/>
          <line num="30" count="1" type="stmt"/>
          <line num="32" count="1" type="stmt"/>
          <line num="34" count="1" type="stmt"/>
          <line num="35" count="4" type="cond" truecount="1" falsecount="1"/>
          <line num="36" count="4" type="stmt"/>
          <line num="37" count="4" type="cond" truecount="1" falsecount="1"/>
          <line num="38" count="0" type="stmt"/>
          <line num="43" count="1" type="stmt"/>
          <line num="45" count="1" type="stmt"/>
          <line num="51" count="1" type="stmt"/>
          <line num="59" count="2" type="cond" truecount="2" falsecount="0"/>
          <line num="61" count="1" type="stmt"/>
          <line num="62" count="1" type="stmt"/>
          <line num="66" count="1" type="cond" truecount="1" falsecount="1"/>
          <line num="68" count="1" type="stmt"/>
          <line num="70" count="1" type="stmt"/>
          <line num="71" count="4" type="stmt"/>
          <line num="72" count="4" type="stmt"/>
          <line num="73" count="4" type="stmt"/>
          <line num="75" count="4" type="cond" truecount="1" falsecount="1"/>
          <line num="76" count="4" type="stmt"/>
          <line num="79" count="4" type="stmt"/>
          <line num="83" count="1" type="stmt"/>
          <line num="87" count="1" type="stmt"/>
          <line num="92" count="1" type="stmt"/>
          <line num="99" count="0" type="stmt"/>
          <line num="101" count="0" type="stmt"/>
          <line num="102" count="0" type="stmt"/>
          <line num="103" count="0" type="stmt"/>
          <line num="104" count="0" type="stmt"/>
          <line num="105" count="0" type="stmt"/>
          <line num="106" count="0" type="stmt"/>
          <line num="107" count="0" type="stmt"/>
          <line num="109" count="0" type="stmt"/>
          <line num="110" count="0" type="stmt"/>
          <line num="112" count="0" type="stmt"/>
          <line num="118" count="0" type="stmt"/>
          <line num="121" count="0" type="stmt"/>
          <line num="126" count="0" type="stmt"/>
        </file>
      </package>
      <package name="lim20181-Track-FE-markdown-list.js">
        <metrics statements="40" coveredstatements="34" conditionals="6" coveredconditionals="3" methods="8" coveredmethods="7"/>
        <file name="stats.js" path="C:\Users\ANDREA\Documents\JavaScript\marckdown\lim20181-Track-FE-markdown-list\js\stats.js">
          <metrics statements="14" coveredstatements="13" conditionals="0" coveredconditionals="0" methods="3" coveredmethods="3"/>
          <line num="1" count="1" type="stmt"/>
          <line num="2" count="1" type="stmt"/>
          <line num="3" count="1" type="stmt"/>
          <line num="4" count="1" type="stmt"/>
          <line num="6" count="2" type="stmt"/>
          <line num="7" count="2" type="stmt"/>
          <line num="9" count="2" type="stmt"/>
          <line num="10" count="2" type="stmt"/>
          <line num="11" count="8" type="stmt"/>
          <line num="14" count="2" type="stmt"/>
          <line num="15" count="8" type="stmt"/>
          <line num="18" count="2" type="stmt"/>
          <line num="25" count="2" type="stmt"/>
          <line num="27" count="0" type="stmt"/>
        </file>
        <file name="validate.js" path="C:\Users\ANDREA\Documents\JavaScript\marckdown\lim20181-Track-FE-markdown-list\js\validate.js">
          <metrics statements="26" coveredstatements="21" conditionals="6" coveredconditionals="3" methods="5" coveredmethods="4"/>
          <line num="1" count="1" type="stmt"/>
          <line num="2" count="1" type="stmt"/>
          <line num="3" count="2" type="stmt"/>
          <line num="4" count="2" type="stmt"/>
          <line num="6" count="2" type="stmt"/>
          <line num="7" count="8" type="stmt"/>
          <line num="8" count="8" type="stmt"/>
          <line num="9" count="8" type="stmt"/>
          <line num="10" count="8" type="stmt"/>
          <line num="11" count="8" type="stmt"/>
          <line num="12" count="8" type="stmt"/>
          <line num="13" count="8" type="stmt"/>
          <line num="14" count="8" type="cond" truecount="1" falsecount="1"/>
          <line num="15" count="8" type="stmt"/>
          <line num="16" count="8" type="stmt"/>
          <line num="17" count="8" type="stmt"/>
          <line num="23" count="8" type="stmt"/>
          <line num="31" count="8" type="stmt"/>
          <line num="32" count="8" type="cond" truecount="2" falsecount="0"/>
          <line num="33" count="2" type="stmt"/>
          <line num="38" count="0" type="stmt"/>
          <line num="46" count="0" type="stmt"/>
          <line num="47" count="0" type="cond" truecount="0" falsecount="2"/>
          <line num="48" count="0" type="stmt"/>
          <line num="54" count="0" type="stmt"/>
          <line num="61" count="2" type="stmt"/>
        </file>
      </package>
    </metrics>
  </project>
</coverage>
