<?xml version="1.0" encoding="UTF-8"?>
<coverage generated="1536015588043" clover="3.2.0">
  <project timestamp="1536015588044" name="All files">
    <metrics statements="126" coveredstatements="98" conditionals="36" coveredconditionals="22" methods="20" coveredmethods="18" elements="182" coveredelements="138" complexity="0" loc="126" ncloc="126" packages="2" files="4" classes="4">
      <package name="lim20181-Track-FE-markdown-list">
        <metrics statements="65" coveredstatements="48" conditionals="24" coveredconditionals="15" methods="10" coveredmethods="9"/>
        <file name="index.js" path="C:\Users\ANDREA\Documents\JavaScript\marckdown\lim20181-Track-FE-markdown-list\index.js">
          <metrics statements="65" coveredstatements="48" conditionals="24" coveredconditionals="15" methods="10" coveredmethods="9"/>
          <line num="1" count="1" type="stmt"/>
          <line num="2" count="1" type="stmt"/>
          <line num="3" count="1" type="stmt"/>
          <line num="4" count="1" type="stmt"/>
          <line num="5" count="1" type="stmt"/>
          <line num="6" count="1" type="stmt"/>
          <line num="8" count="3" type="stmt"/>
          <line num="9" count="3" type="stmt"/>
          <line num="10" count="3" type="stmt"/>
          <line num="16" count="3" type="stmt"/>
          <line num="18" count="3" type="stmt"/>
          <line num="20" count="3" type="stmt"/>
          <line num="21" count="3" type="stmt"/>
          <line num="22" count="3" type="stmt"/>
          <line num="23" count="3" type="stmt"/>
          <line num="25" count="3" type="cond" truecount="1" falsecount="1"/>
          <line num="26" count="3" type="stmt"/>
          <line num="27" count="3" type="stmt"/>
          <line num="28" count="3" type="stmt"/>
          <line num="29" count="12" type="cond" truecount="3" falsecount="1"/>
          <line num="30" count="12" type="stmt"/>
          <line num="33" count="3" type="stmt"/>
          <line num="35" count="3" type="cond" truecount="1" falsecount="1"/>
          <line num="36" count="3" type="cond" truecount="4" falsecount="0"/>
          <line num="37" count="1" type="stmt"/>
          <line num="39" count="1" type="stmt"/>
          <line num="41" count="1" type="stmt"/>
          <line num="42" count="4" type="cond" truecount="1" falsecount="1"/>
          <line num="43" count="4" type="stmt"/>
          <line num="44" count="4" type="cond" truecount="1" falsecount="1"/>
          <line num="45" count="0" type="stmt"/>
          <line num="50" count="1" type="stmt"/>
          <line num="52" count="1" type="stmt"/>
          <line num="58" count="1" type="stmt"/>
          <line num="66" count="2" type="cond" truecount="2" falsecount="0"/>
          <line num="68" count="1" type="stmt"/>
          <line num="69" count="1" type="stmt"/>
          <line num="73" count="1" type="cond" truecount="1" falsecount="1"/>
          <line num="75" count="1" type="stmt"/>
          <line num="77" count="1" type="stmt"/>
          <line num="78" count="4" type="stmt"/>
          <line num="79" count="4" type="stmt"/>
          <line num="80" count="4" type="stmt"/>
          <line num="82" count="4" type="cond" truecount="1" falsecount="1"/>
          <line num="83" count="4" type="stmt"/>
          <line num="86" count="4" type="stmt"/>
          <line num="90" count="1" type="stmt"/>
          <line num="94" count="1" type="stmt"/>
          <line num="99" count="1" type="stmt"/>
          <line num="106" count="0" type="stmt"/>
          <line num="108" count="0" type="stmt"/>
          <line num="109" count="0" type="stmt"/>
          <line num="110" count="0" type="stmt"/>
          <line num="111" count="0" type="stmt"/>
          <line num="112" count="0" type="stmt"/>
          <line num="113" count="0" type="stmt"/>
          <line num="114" count="0" type="stmt"/>
          <line num="115" count="0" type="stmt"/>
          <line num="116" count="0" type="cond" truecount="0" falsecount="2"/>
          <line num="117" count="0" type="stmt"/>
          <line num="118" count="0" type="stmt"/>
          <line num="119" count="0" type="stmt"/>
          <line num="125" count="0" type="stmt"/>
          <line num="131" count="0" type="stmt"/>
          <line num="136" count="0" type="stmt"/>
        </file>
      </package>
      <package name="lim20181-Track-FE-markdown-list.js">
        <metrics statements="61" coveredstatements="50" conditionals="12" coveredconditionals="7" methods="10" coveredmethods="9"/>
        <file name="isFile.js" path="C:\Users\ANDREA\Documents\JavaScript\marckdown\lim20181-Track-FE-markdown-list\js\isFile.js">
          <metrics statements="21" coveredstatements="16" conditionals="6" coveredconditionals="4" methods="2" coveredmethods="2"/>
          <line num="1" count="1" type="stmt"/>
          <line num="2" count="3" type="stmt"/>
          <line num="4" count="1" type="stmt"/>
          <line num="5" count="1" type="stmt"/>
          <line num="6" count="1" type="stmt"/>
          <line num="7" count="1" type="stmt"/>
          <line num="8" count="1" type="stmt"/>
          <line num="9" count="1" type="stmt"/>
          <line num="13" count="3" type="stmt"/>
          <line num="14" count="3" type="stmt"/>
          <line num="15" count="3" type="stmt"/>
          <line num="16" count="3" type="stmt"/>
          <line num="17" count="3" type="cond" truecount="1" falsecount="1"/>
          <line num="18" count="0" type="stmt"/>
          <line num="19" count="0" type="stmt"/>
          <line num="20" count="0" type="stmt"/>
          <line num="21" count="0" type="stmt"/>
          <line num="22" count="0" type="stmt"/>
          <line num="24" count="3" type="cond" truecount="3" falsecount="1"/>
          <line num="25" count="3" type="stmt"/>
          <line num="28" count="3" type="stmt"/>
        </file>
        <file name="stats.js" path="C:\Users\ANDREA\Documents\JavaScript\marckdown\lim20181-Track-FE-markdown-list\js\stats.js">
          <metrics statements="14" coveredstatements="13" conditionals="0" coveredconditionals="0" methods="3" coveredmethods="3"/>
          <line num="1" count="1" type="stmt"/>
          <line num="2" count="1" type="stmt"/>
          <line num="3" count="1" type="stmt"/>
          <line num="4" count="1" type="stmt"/>
          <line num="6" count="2" type="stmt"/>
          <line num="7" count="2" type="stmt"/>
          <line num="9" count="2" type="stmt"/>
          <line num="10" count="2" type="stmt"/>
          <line num="11" count="8" type="stmt"/>
          <line num="14" count="2" type="stmt"/>
          <line num="15" count="8" type="stmt"/>
          <line num="18" count="2" type="stmt"/>
          <line num="25" count="2" type="stmt"/>
          <line num="27" count="0" type="stmt"/>
        </file>
        <file name="validate.js" path="C:\Users\ANDREA\Documents\JavaScript\marckdown\lim20181-Track-FE-markdown-list\js\validate.js">
          <metrics statements="26" coveredstatements="21" conditionals="6" coveredconditionals="3" methods="5" coveredmethods="4"/>
          <line num="1" count="1" type="stmt"/>
          <line num="2" count="1" type="stmt"/>
          <line num="3" count="2" type="stmt"/>
          <line num="4" count="2" type="stmt"/>
          <line num="6" count="2" type="stmt"/>
          <line num="7" count="8" type="stmt"/>
          <line num="8" count="8" type="stmt"/>
          <line num="9" count="8" type="stmt"/>
          <line num="10" count="8" type="stmt"/>
          <line num="11" count="8" type="stmt"/>
          <line num="12" count="8" type="stmt"/>
          <line num="13" count="8" type="stmt"/>
          <line num="14" count="8" type="cond" truecount="1" falsecount="1"/>
          <line num="15" count="8" type="stmt"/>
          <line num="16" count="8" type="stmt"/>
          <line num="17" count="8" type="stmt"/>
          <line num="23" count="8" type="stmt"/>
          <line num="31" count="8" type="stmt"/>
          <line num="32" count="8" type="cond" truecount="2" falsecount="0"/>
          <line num="33" count="2" type="stmt"/>
          <line num="38" count="0" type="stmt"/>
          <line num="46" count="0" type="stmt"/>
          <line num="47" count="0" type="cond" truecount="0" falsecount="2"/>
          <line num="48" count="0" type="stmt"/>
          <line num="54" count="0" type="stmt"/>
          <line num="61" count="2" type="stmt"/>
        </file>
      </package>
    </metrics>
  </project>
</coverage>
