{"C:\\Users\\ANDREA\\Documents\\JavaScript\\marckdown\\lim20181-Track-FE-markdown-list\\index.js": {"path":"C:\\Users\\ANDREA\\Documents\\JavaScript\\marckdown\\lim20181-Track-FE-markdown-list\\index.js","statementMap":{"0":{"start":{"line":1,"column":11},"end":{"line":1,"column":24}},"1":{"start":{"line":2,"column":17},"end":{"line":2,"column":44}},"2":{"start":{"line":3,"column":14},"end":{"line":3,"column":38}},"3":{"start":{"line":6,"column":0},"end":{"line":130,"column":1}},"4":{"start":{"line":8,"column":4},"end":{"line":128,"column":7}},"5":{"start":{"line":9,"column":8},"end":{"line":127,"column":9}},"6":{"start":{"line":11,"column":12},"end":{"line":124,"column":14}},"7":{"start":{"line":13,"column":35},"end":{"line":13,"column":67}},"8":{"start":{"line":14,"column":30},"end":{"line":14,"column":52}},"9":{"start":{"line":15,"column":37},"end":{"line":15,"column":72}},"10":{"start":{"line":16,"column":32},"end":{"line":16,"column":58}},"11":{"start":{"line":18,"column":16},"end":{"line":123,"column":17}},"12":{"start":{"line":19,"column":36},"end":{"line":19,"column":56}},"13":{"start":{"line":20,"column":38},"end":{"line":20,"column":40}},"14":{"start":{"line":21,"column":20},"end":{"line":25,"column":21}},"15":{"start":{"line":22,"column":24},"end":{"line":24,"column":25}},"16":{"start":{"line":23,"column":28},"end":{"line":23,"column":59}},"17":{"start":{"line":26,"column":20},"end":{"line":26,"column":44}},"18":{"start":{"line":28,"column":20},"end":{"line":122,"column":21}},"19":{"start":{"line":29,"column":24},"end":{"line":96,"column":25}},"20":{"start":{"line":30,"column":42},"end":{"line":30,"column":44}},"21":{"start":{"line":32,"column":28},"end":{"line":55,"column":54}},"22":{"start":{"line":34,"column":36},"end":{"line":41,"column":37}},"23":{"start":{"line":35,"column":40},"end":{"line":40,"column":41}},"24":{"start":{"line":36,"column":60},"end":{"line":36,"column":80}},"25":{"start":{"line":37,"column":44},"end":{"line":39,"column":45}},"26":{"start":{"line":38,"column":48},"end":{"line":38,"column":75}},"27":{"start":{"line":43,"column":36},"end":{"line":53,"column":58}},"28":{"start":{"line":45,"column":58},"end":{"line":49,"column":41}},"29":{"start":{"line":51,"column":40},"end":{"line":51,"column":61}},"30":{"start":{"line":59,"column":28},"end":{"line":95,"column":29}},"31":{"start":{"line":61,"column":32},"end":{"line":64,"column":58}},"32":{"start":{"line":62,"column":40},"end":{"line":62,"column":56}},"33":{"start":{"line":66,"column":35},"end":{"line":95,"column":29}},"34":{"start":{"line":68,"column":51},"end":{"line":68,"column":53}},"35":{"start":{"line":70,"column":32},"end":{"line":81,"column":33}},"36":{"start":{"line":71,"column":57},"end":{"line":71,"column":92}},"37":{"start":{"line":72,"column":52},"end":{"line":72,"column":78}},"38":{"start":{"line":73,"column":47},"end":{"line":73,"column":76}},"39":{"start":{"line":75,"column":36},"end":{"line":80,"column":37}},"40":{"start":{"line":76,"column":58},"end":{"line":78,"column":41}},"41":{"start":{"line":79,"column":40},"end":{"line":79,"column":71}},"42":{"start":{"line":83,"column":32},"end":{"line":94,"column":58}},"43":{"start":{"line":87,"column":58},"end":{"line":90,"column":41}},"44":{"start":{"line":92,"column":40},"end":{"line":92,"column":61}},"45":{"start":{"line":99,"column":42},"end":{"line":99,"column":44}},"46":{"start":{"line":101,"column":24},"end":{"line":119,"column":27}},"47":{"start":{"line":102,"column":49},"end":{"line":102,"column":84}},"48":{"start":{"line":103,"column":44},"end":{"line":103,"column":70}},"49":{"start":{"line":104,"column":39},"end":{"line":104,"column":60}},"50":{"start":{"line":105,"column":46},"end":{"line":105,"column":66}},"51":{"start":{"line":106,"column":51},"end":{"line":106,"column":74}},"52":{"start":{"line":107,"column":50},"end":{"line":107,"column":78}},"53":{"start":{"line":109,"column":43},"end":{"line":109,"column":67}},"54":{"start":{"line":110,"column":36},"end":{"line":110,"column":54}},"55":{"start":{"line":112,"column":45},"end":{"line":116,"column":29}},"56":{"start":{"line":118,"column":28},"end":{"line":118,"column":57}},"57":{"start":{"line":121,"column":24},"end":{"line":121,"column":45}},"58":{"start":{"line":126,"column":12},"end":{"line":126,"column":26}}},"fnMap":{"0":{"name":"(anonymous_0)","decl":{"start":{"line":6,"column":18},"end":{"line":6,"column":19}},"loc":{"start":{"line":6,"column":37},"end":{"line":130,"column":1}},"line":6},"1":{"name":"(anonymous_1)","decl":{"start":{"line":8,"column":23},"end":{"line":8,"column":24}},"loc":{"start":{"line":8,"column":44},"end":{"line":128,"column":5}},"line":8},"2":{"name":"(anonymous_2)","decl":{"start":{"line":11,"column":38},"end":{"line":11,"column":39}},"loc":{"start":{"line":11,"column":62},"end":{"line":124,"column":13}},"line":11},"3":{"name":"(anonymous_3)","decl":{"start":{"line":32,"column":68},"end":{"line":32,"column":69}},"loc":{"start":{"line":32,"column":86},"end":{"line":54,"column":33}},"line":32},"4":{"name":"(anonymous_4)","decl":{"start":{"line":43,"column":69},"end":{"line":43,"column":70}},"loc":{"start":{"line":43,"column":81},"end":{"line":52,"column":37}},"line":43},"5":{"name":"(anonymous_5)","decl":{"start":{"line":61,"column":72},"end":{"line":61,"column":73}},"loc":{"start":{"line":61,"column":82},"end":{"line":63,"column":37}},"line":61},"6":{"name":"(anonymous_6)","decl":{"start":{"line":83,"column":63},"end":{"line":83,"column":64}},"loc":{"start":{"line":83,"column":75},"end":{"line":93,"column":37}},"line":83},"7":{"name":"(anonymous_7)","decl":{"start":{"line":101,"column":38},"end":{"line":101,"column":39}},"loc":{"start":{"line":101,"column":46},"end":{"line":119,"column":25}},"line":101}},"branchMap":{"0":{"loc":{"start":{"line":18,"column":16},"end":{"line":123,"column":17}},"type":"if","locations":[{"start":{"line":18,"column":16},"end":{"line":123,"column":17}},{"start":{"line":18,"column":16},"end":{"line":123,"column":17}}],"line":18},"1":{"loc":{"start":{"line":22,"column":24},"end":{"line":24,"column":25}},"type":"if","locations":[{"start":{"line":22,"column":24},"end":{"line":24,"column":25}},{"start":{"line":22,"column":24},"end":{"line":24,"column":25}}],"line":22},"2":{"loc":{"start":{"line":22,"column":28},"end":{"line":22,"column":72}},"type":"binary-expr","locations":[{"start":{"line":22,"column":28},"end":{"line":22,"column":48}},{"start":{"line":22,"column":52},"end":{"line":22,"column":72}}],"line":22},"3":{"loc":{"start":{"line":28,"column":20},"end":{"line":122,"column":21}},"type":"if","locations":[{"start":{"line":28,"column":20},"end":{"line":122,"column":21}},{"start":{"line":28,"column":20},"end":{"line":122,"column":21}}],"line":28},"4":{"loc":{"start":{"line":29,"column":24},"end":{"line":96,"column":25}},"type":"if","locations":[{"start":{"line":29,"column":24},"end":{"line":96,"column":25}},{"start":{"line":29,"column":24},"end":{"line":96,"column":25}}],"line":29},"5":{"loc":{"start":{"line":29,"column":28},"end":{"line":29,"column":61}},"type":"binary-expr","locations":[{"start":{"line":29,"column":28},"end":{"line":29,"column":44}},{"start":{"line":29,"column":48},"end":{"line":29,"column":61}}],"line":29},"6":{"loc":{"start":{"line":35,"column":40},"end":{"line":40,"column":41}},"type":"if","locations":[{"start":{"line":35,"column":40},"end":{"line":40,"column":41}},{"start":{"line":35,"column":40},"end":{"line":40,"column":41}}],"line":35},"7":{"loc":{"start":{"line":37,"column":44},"end":{"line":39,"column":45}},"type":"if","locations":[{"start":{"line":37,"column":44},"end":{"line":39,"column":45}},{"start":{"line":37,"column":44},"end":{"line":39,"column":45}}],"line":37},"8":{"loc":{"start":{"line":59,"column":28},"end":{"line":95,"column":29}},"type":"if","locations":[{"start":{"line":59,"column":28},"end":{"line":95,"column":29}},{"start":{"line":59,"column":28},"end":{"line":95,"column":29}}],"line":59},"9":{"loc":{"start":{"line":66,"column":35},"end":{"line":95,"column":29}},"type":"if","locations":[{"start":{"line":66,"column":35},"end":{"line":95,"column":29}},{"start":{"line":66,"column":35},"end":{"line":95,"column":29}}],"line":66},"10":{"loc":{"start":{"line":75,"column":36},"end":{"line":80,"column":37}},"type":"if","locations":[{"start":{"line":75,"column":36},"end":{"line":80,"column":37}},{"start":{"line":75,"column":36},"end":{"line":80,"column":37}}],"line":75}},"s":{"0":1,"1":1,"2":1,"3":1,"4":3,"5":3,"6":3,"7":3,"8":3,"9":3,"10":3,"11":3,"12":3,"13":3,"14":3,"15":12,"16":12,"17":3,"18":3,"19":3,"20":1,"21":1,"22":1,"23":4,"24":4,"25":4,"26":0,"27":1,"28":1,"29":1,"30":2,"31":1,"32":1,"33":1,"34":1,"35":1,"36":4,"37":4,"38":4,"39":4,"40":4,"41":4,"42":1,"43":1,"44":1,"45":0,"46":0,"47":0,"48":0,"49":0,"50":0,"51":0,"52":0,"53":0,"54":0,"55":0,"56":0,"57":0,"58":0},"f":{"0":3,"1":3,"2":3,"3":1,"4":1,"5":1,"6":1,"7":0},"b":{"0":[3,0],"1":[12,0],"2":[12,12],"3":[3,0],"4":[1,2],"5":[3,2],"6":[4,0],"7":[0,4],"8":[1,1],"9":[1,0],"10":[4,0]},"_coverageSchema":"332fd63041d2c1bcb487cc26dd0d5f7d97098a6c","hash":"c2f388c8bc7ca5865bc9d0edb7cba599621beaab"}
,"C:\\Users\\ANDREA\\Documents\\JavaScript\\marckdown\\lim20181-Track-FE-markdown-list\\js\\stats.js": {"path":"C:\\Users\\ANDREA\\Documents\\JavaScript\\marckdown\\lim20181-Track-FE-markdown-list\\js\\stats.js","statementMap":{"0":{"start":{"line":1,"column":10},"end":{"line":1,"column":12}},"1":{"start":{"line":2,"column":8},"end":{"line":2,"column":9}},"2":{"start":{"line":3,"column":18},"end":{"line":3,"column":20}},"3":{"start":{"line":4,"column":0},"end":{"line":30,"column":1}},"4":{"start":{"line":6,"column":4},"end":{"line":29,"column":7}},"5":{"start":{"line":7,"column":27},"end":{"line":7,"column":29}},"6":{"start":{"line":9,"column":8},"end":{"line":28,"column":9}},"7":{"start":{"line":10,"column":12},"end":{"line":12,"column":13}},"8":{"start":{"line":11,"column":16},"end":{"line":11,"column":50}},"9":{"start":{"line":14,"column":25},"end":{"line":16,"column":14}},"10":{"start":{"line":15,"column":16},"end":{"line":15,"column":57}},"11":{"start":{"line":18,"column":27},"end":{"line":21,"column":13}},"12":{"start":{"line":25,"column":12},"end":{"line":25,"column":29}},"13":{"start":{"line":27,"column":12},"end":{"line":27,"column":26}}},"fnMap":{"0":{"name":"(anonymous_0)","decl":{"start":{"line":4,"column":16},"end":{"line":4,"column":17}},"loc":{"start":{"line":4,"column":28},"end":{"line":30,"column":1}},"line":4},"1":{"name":"(anonymous_1)","decl":{"start":{"line":6,"column":23},"end":{"line":6,"column":24}},"loc":{"start":{"line":6,"column":44},"end":{"line":29,"column":5}},"line":6},"2":{"name":"(anonymous_2)","decl":{"start":{"line":14,"column":45},"end":{"line":14,"column":46}},"loc":{"start":{"line":14,"column":66},"end":{"line":16,"column":13}},"line":14}},"branchMap":{},"s":{"0":1,"1":1,"2":1,"3":1,"4":2,"5":2,"6":2,"7":2,"8":8,"9":2,"10":8,"11":2,"12":2,"13":0},"f":{"0":2,"1":2,"2":8},"b":{},"_coverageSchema":"332fd63041d2c1bcb487cc26dd0d5f7d97098a6c","hash":"1c66e03be83d36befcb422ec15b5ea93347e05ac"}
,"C:\\Users\\ANDREA\\Documents\\JavaScript\\marckdown\\lim20181-Track-FE-markdown-list\\js\\validate.js": {"path":"C:\\Users\\ANDREA\\Documents\\JavaScript\\marckdown\\lim20181-Track-FE-markdown-list\\js\\validate.js","statementMap":{"0":{"start":{"line":1,"column":13},"end":{"line":1,"column":39}},"1":{"start":{"line":2,"column":0},"end":{"line":62,"column":1}},"2":{"start":{"line":3,"column":23},"end":{"line":3,"column":25}},"3":{"start":{"line":4,"column":17},"end":{"line":59,"column":3}},"4":{"start":{"line":6,"column":2},"end":{"line":56,"column":5}},"5":{"start":{"line":7,"column":3},"end":{"line":55,"column":4}},"6":{"start":{"line":8,"column":25},"end":{"line":8,"column":60}},"7":{"start":{"line":9,"column":20},"end":{"line":9,"column":46}},"8":{"start":{"line":10,"column":15},"end":{"line":10,"column":36}},"9":{"start":{"line":11,"column":22},"end":{"line":11,"column":42}},"10":{"start":{"line":12,"column":27},"end":{"line":12,"column":50}},"11":{"start":{"line":13,"column":26},"end":{"line":13,"column":54}},"12":{"start":{"line":14,"column":4},"end":{"line":52,"column":5}},"13":{"start":{"line":15,"column":20},"end":{"line":15,"column":44}},"14":{"start":{"line":16,"column":28},"end":{"line":16,"column":46}},"15":{"start":{"line":17,"column":5},"end":{"line":51,"column":8}},"16":{"start":{"line":23,"column":21},"end":{"line":29,"column":8}},"17":{"start":{"line":31,"column":7},"end":{"line":31,"column":35}},"18":{"start":{"line":32,"column":7},"end":{"line":34,"column":8}},"19":{"start":{"line":33,"column":8},"end":{"line":33,"column":30}},"20":{"start":{"line":38,"column":24},"end":{"line":44,"column":8}},"21":{"start":{"line":46,"column":7},"end":{"line":46,"column":38}},"22":{"start":{"line":47,"column":7},"end":{"line":49,"column":8}},"23":{"start":{"line":48,"column":8},"end":{"line":48,"column":30}},"24":{"start":{"line":54,"column":4},"end":{"line":54,"column":18}},"25":{"start":{"line":61,"column":1},"end":{"line":61,"column":16}}},"fnMap":{"0":{"name":"(anonymous_0)","decl":{"start":{"line":2,"column":19},"end":{"line":2,"column":20}},"loc":{"start":{"line":2,"column":37},"end":{"line":62,"column":1}},"line":2},"1":{"name":"(anonymous_1)","decl":{"start":{"line":4,"column":29},"end":{"line":4,"column":30}},"loc":{"start":{"line":4,"column":50},"end":{"line":59,"column":2}},"line":4},"2":{"name":"(anonymous_2)","decl":{"start":{"line":6,"column":13},"end":{"line":6,"column":14}},"loc":{"start":{"line":6,"column":21},"end":{"line":56,"column":3}},"line":6},"3":{"name":"(anonymous_3)","decl":{"start":{"line":21,"column":12},"end":{"line":21,"column":13}},"loc":{"start":{"line":21,"column":24},"end":{"line":36,"column":7}},"line":21},"4":{"name":"(anonymous_4)","decl":{"start":{"line":37,"column":13},"end":{"line":37,"column":14}},"loc":{"start":{"line":37,"column":20},"end":{"line":51,"column":7}},"line":37}},"branchMap":{"0":{"loc":{"start":{"line":14,"column":4},"end":{"line":52,"column":5}},"type":"if","locations":[{"start":{"line":14,"column":4},"end":{"line":52,"column":5}},{"start":{"line":14,"column":4},"end":{"line":52,"column":5}}],"line":14},"1":{"loc":{"start":{"line":32,"column":7},"end":{"line":34,"column":8}},"type":"if","locations":[{"start":{"line":32,"column":7},"end":{"line":34,"column":8}},{"start":{"line":32,"column":7},"end":{"line":34,"column":8}}],"line":32},"2":{"loc":{"start":{"line":47,"column":7},"end":{"line":49,"column":8}},"type":"if","locations":[{"start":{"line":47,"column":7},"end":{"line":49,"column":8}},{"start":{"line":47,"column":7},"end":{"line":49,"column":8}}],"line":47}},"s":{"0":1,"1":1,"2":2,"3":2,"4":2,"5":8,"6":8,"7":8,"8":8,"9":8,"10":8,"11":8,"12":8,"13":8,"14":8,"15":8,"16":8,"17":8,"18":8,"19":2,"20":0,"21":0,"22":0,"23":0,"24":0,"25":2},"f":{"0":2,"1":2,"2":8,"3":8,"4":0},"b":{"0":[8,0],"1":[2,6],"2":[0,0]},"_coverageSchema":"332fd63041d2c1bcb487cc26dd0d5f7d97098a6c","hash":"65eb1211ee41dd75921d6a92aab7c3ddbc7823ed"}
}
