{"C:\\Users\\ANDREA\\Documents\\JavaScript\\marckdown\\lim20181-Track-FE-markdown-list\\index.js": {"path":"C:\\Users\\ANDREA\\Documents\\JavaScript\\marckdown\\lim20181-Track-FE-markdown-list\\index.js","statementMap":{"0":{"start":{"line":1,"column":11},"end":{"line":1,"column":24}},"1":{"start":{"line":2,"column":17},"end":{"line":2,"column":44}},"2":{"start":{"line":3,"column":14},"end":{"line":3,"column":38}},"3":{"start":{"line":4,"column":24},"end":{"line":4,"column":49}},"4":{"start":{"line":5,"column":16},"end":{"line":5,"column":37}},"5":{"start":{"line":6,"column":0},"end":{"line":142,"column":1}},"6":{"start":{"line":8,"column":4},"end":{"line":141,"column":6}},"7":{"start":{"line":9,"column":8},"end":{"line":140,"column":10}},"8":{"start":{"line":10,"column":12},"end":{"line":138,"column":15}},"9":{"start":{"line":16,"column":16},"end":{"line":137,"column":17}},"10":{"start":{"line":18,"column":20},"end":{"line":134,"column":22}},"11":{"start":{"line":20,"column":43},"end":{"line":20,"column":75}},"12":{"start":{"line":21,"column":38},"end":{"line":21,"column":60}},"13":{"start":{"line":22,"column":45},"end":{"line":22,"column":80}},"14":{"start":{"line":23,"column":40},"end":{"line":23,"column":66}},"15":{"start":{"line":25,"column":24},"end":{"line":133,"column":25}},"16":{"start":{"line":26,"column":44},"end":{"line":26,"column":64}},"17":{"start":{"line":27,"column":46},"end":{"line":27,"column":48}},"18":{"start":{"line":28,"column":28},"end":{"line":32,"column":29}},"19":{"start":{"line":29,"column":32},"end":{"line":31,"column":33}},"20":{"start":{"line":30,"column":36},"end":{"line":30,"column":67}},"21":{"start":{"line":33,"column":28},"end":{"line":33,"column":52}},"22":{"start":{"line":35,"column":28},"end":{"line":132,"column":29}},"23":{"start":{"line":36,"column":32},"end":{"line":103,"column":33}},"24":{"start":{"line":37,"column":50},"end":{"line":37,"column":52}},"25":{"start":{"line":39,"column":36},"end":{"line":62,"column":62}},"26":{"start":{"line":41,"column":40},"end":{"line":48,"column":41}},"27":{"start":{"line":42,"column":44},"end":{"line":47,"column":45}},"28":{"start":{"line":43,"column":64},"end":{"line":43,"column":84}},"29":{"start":{"line":44,"column":48},"end":{"line":46,"column":49}},"30":{"start":{"line":45,"column":52},"end":{"line":45,"column":79}},"31":{"start":{"line":50,"column":40},"end":{"line":60,"column":66}},"32":{"start":{"line":52,"column":62},"end":{"line":56,"column":45}},"33":{"start":{"line":58,"column":44},"end":{"line":58,"column":65}},"34":{"start":{"line":66,"column":36},"end":{"line":102,"column":37}},"35":{"start":{"line":68,"column":40},"end":{"line":71,"column":66}},"36":{"start":{"line":69,"column":44},"end":{"line":69,"column":60}},"37":{"start":{"line":73,"column":43},"end":{"line":102,"column":37}},"38":{"start":{"line":75,"column":59},"end":{"line":75,"column":61}},"39":{"start":{"line":77,"column":40},"end":{"line":88,"column":41}},"40":{"start":{"line":78,"column":65},"end":{"line":78,"column":100}},"41":{"start":{"line":79,"column":60},"end":{"line":79,"column":86}},"42":{"start":{"line":80,"column":55},"end":{"line":80,"column":84}},"43":{"start":{"line":82,"column":44},"end":{"line":87,"column":45}},"44":{"start":{"line":83,"column":66},"end":{"line":85,"column":49}},"45":{"start":{"line":86,"column":48},"end":{"line":86,"column":79}},"46":{"start":{"line":90,"column":40},"end":{"line":101,"column":66}},"47":{"start":{"line":94,"column":62},"end":{"line":97,"column":45}},"48":{"start":{"line":99,"column":44},"end":{"line":99,"column":65}},"49":{"start":{"line":106,"column":50},"end":{"line":106,"column":52}},"50":{"start":{"line":108,"column":32},"end":{"line":129,"column":35}},"51":{"start":{"line":109,"column":57},"end":{"line":109,"column":92}},"52":{"start":{"line":110,"column":52},"end":{"line":110,"column":78}},"53":{"start":{"line":111,"column":47},"end":{"line":111,"column":68}},"54":{"start":{"line":112,"column":54},"end":{"line":112,"column":74}},"55":{"start":{"line":113,"column":59},"end":{"line":113,"column":82}},"56":{"start":{"line":114,"column":58},"end":{"line":114,"column":86}},"57":{"start":{"line":115,"column":36},"end":{"line":115,"column":54}},"58":{"start":{"line":116,"column":36},"end":{"line":126,"column":37}},"59":{"start":{"line":117,"column":55},"end":{"line":117,"column":79}},"60":{"start":{"line":118,"column":63},"end":{"line":118,"column":81}},"61":{"start":{"line":119,"column":57},"end":{"line":123,"column":41}},"62":{"start":{"line":125,"column":40},"end":{"line":125,"column":69}},"63":{"start":{"line":131,"column":32},"end":{"line":131,"column":53}},"64":{"start":{"line":136,"column":20},"end":{"line":136,"column":34}}},"fnMap":{"0":{"name":"(anonymous_0)","decl":{"start":{"line":6,"column":18},"end":{"line":6,"column":19}},"loc":{"start":{"line":6,"column":37},"end":{"line":142,"column":1}},"line":6},"1":{"name":"(anonymous_1)","decl":{"start":{"line":8,"column":23},"end":{"line":8,"column":24}},"loc":{"start":{"line":8,"column":44},"end":{"line":141,"column":5}},"line":8},"2":{"name":"(anonymous_2)","decl":{"start":{"line":9,"column":45},"end":{"line":9,"column":46}},"loc":{"start":{"line":9,"column":53},"end":{"line":140,"column":9}},"line":9},"3":{"name":"(anonymous_3)","decl":{"start":{"line":10,"column":21},"end":{"line":10,"column":22}},"loc":{"start":{"line":10,"column":30},"end":{"line":138,"column":13}},"line":10},"4":{"name":"(anonymous_4)","decl":{"start":{"line":18,"column":47},"end":{"line":18,"column":48}},"loc":{"start":{"line":18,"column":71},"end":{"line":134,"column":21}},"line":18},"5":{"name":"(anonymous_5)","decl":{"start":{"line":39,"column":77},"end":{"line":39,"column":78}},"loc":{"start":{"line":39,"column":95},"end":{"line":61,"column":37}},"line":39},"6":{"name":"(anonymous_6)","decl":{"start":{"line":50,"column":73},"end":{"line":50,"column":74}},"loc":{"start":{"line":50,"column":85},"end":{"line":59,"column":41}},"line":50},"7":{"name":"(anonymous_7)","decl":{"start":{"line":68,"column":81},"end":{"line":68,"column":82}},"loc":{"start":{"line":68,"column":91},"end":{"line":70,"column":41}},"line":68},"8":{"name":"(anonymous_8)","decl":{"start":{"line":90,"column":71},"end":{"line":90,"column":72}},"loc":{"start":{"line":90,"column":83},"end":{"line":100,"column":41}},"line":90},"9":{"name":"(anonymous_9)","decl":{"start":{"line":108,"column":46},"end":{"line":108,"column":47}},"loc":{"start":{"line":108,"column":54},"end":{"line":129,"column":33}},"line":108}},"branchMap":{"0":{"loc":{"start":{"line":25,"column":24},"end":{"line":133,"column":25}},"type":"if","locations":[{"start":{"line":25,"column":24},"end":{"line":133,"column":25}},{"start":{"line":25,"column":24},"end":{"line":133,"column":25}}],"line":25},"1":{"loc":{"start":{"line":29,"column":32},"end":{"line":31,"column":33}},"type":"if","locations":[{"start":{"line":29,"column":32},"end":{"line":31,"column":33}},{"start":{"line":29,"column":32},"end":{"line":31,"column":33}}],"line":29},"2":{"loc":{"start":{"line":29,"column":36},"end":{"line":29,"column":80}},"type":"binary-expr","locations":[{"start":{"line":29,"column":36},"end":{"line":29,"column":56}},{"start":{"line":29,"column":60},"end":{"line":29,"column":80}}],"line":29},"3":{"loc":{"start":{"line":35,"column":28},"end":{"line":132,"column":29}},"type":"if","locations":[{"start":{"line":35,"column":28},"end":{"line":132,"column":29}},{"start":{"line":35,"column":28},"end":{"line":132,"column":29}}],"line":35},"4":{"loc":{"start":{"line":36,"column":32},"end":{"line":103,"column":33}},"type":"if","locations":[{"start":{"line":36,"column":32},"end":{"line":103,"column":33}},{"start":{"line":36,"column":32},"end":{"line":103,"column":33}}],"line":36},"5":{"loc":{"start":{"line":36,"column":36},"end":{"line":36,"column":69}},"type":"binary-expr","locations":[{"start":{"line":36,"column":36},"end":{"line":36,"column":52}},{"start":{"line":36,"column":56},"end":{"line":36,"column":69}}],"line":36},"6":{"loc":{"start":{"line":42,"column":44},"end":{"line":47,"column":45}},"type":"if","locations":[{"start":{"line":42,"column":44},"end":{"line":47,"column":45}},{"start":{"line":42,"column":44},"end":{"line":47,"column":45}}],"line":42},"7":{"loc":{"start":{"line":44,"column":48},"end":{"line":46,"column":49}},"type":"if","locations":[{"start":{"line":44,"column":48},"end":{"line":46,"column":49}},{"start":{"line":44,"column":48},"end":{"line":46,"column":49}}],"line":44},"8":{"loc":{"start":{"line":66,"column":36},"end":{"line":102,"column":37}},"type":"if","locations":[{"start":{"line":66,"column":36},"end":{"line":102,"column":37}},{"start":{"line":66,"column":36},"end":{"line":102,"column":37}}],"line":66},"9":{"loc":{"start":{"line":73,"column":43},"end":{"line":102,"column":37}},"type":"if","locations":[{"start":{"line":73,"column":43},"end":{"line":102,"column":37}},{"start":{"line":73,"column":43},"end":{"line":102,"column":37}}],"line":73},"10":{"loc":{"start":{"line":82,"column":44},"end":{"line":87,"column":45}},"type":"if","locations":[{"start":{"line":82,"column":44},"end":{"line":87,"column":45}},{"start":{"line":82,"column":44},"end":{"line":87,"column":45}}],"line":82},"11":{"loc":{"start":{"line":116,"column":36},"end":{"line":126,"column":37}},"type":"if","locations":[{"start":{"line":116,"column":36},"end":{"line":126,"column":37}},{"start":{"line":116,"column":36},"end":{"line":126,"column":37}}],"line":116}},"s":{"0":1,"1":1,"2":1,"3":1,"4":1,"5":1,"6":3,"7":3,"8":3,"9":3,"10":3,"11":3,"12":3,"13":3,"14":3,"15":3,"16":3,"17":3,"18":3,"19":12,"20":12,"21":3,"22":3,"23":3,"24":1,"25":1,"26":1,"27":4,"28":4,"29":4,"30":0,"31":1,"32":1,"33":1,"34":2,"35":1,"36":1,"37":1,"38":1,"39":1,"40":4,"41":4,"42":4,"43":4,"44":4,"45":4,"46":1,"47":1,"48":1,"49":0,"50":0,"51":0,"52":0,"53":0,"54":0,"55":0,"56":0,"57":0,"58":0,"59":0,"60":0,"61":0,"62":0,"63":0,"64":0},"f":{"0":3,"1":3,"2":3,"3":3,"4":3,"5":1,"6":1,"7":1,"8":1,"9":0},"b":{"0":[3,0],"1":[12,0],"2":[12,12],"3":[3,0],"4":[1,2],"5":[3,2],"6":[4,0],"7":[0,4],"8":[1,1],"9":[1,0],"10":[4,0],"11":[0,0]},"_coverageSchema":"332fd63041d2c1bcb487cc26dd0d5f7d97098a6c","hash":"53dc9aabea3df5258c450c8a4996236ede8cb7fc"}
,"C:\\Users\\ANDREA\\Documents\\JavaScript\\marckdown\\lim20181-Track-FE-markdown-list\\js\\isFile.js": {"path":"C:\\Users\\ANDREA\\Documents\\JavaScript\\marckdown\\lim20181-Track-FE-markdown-list\\js\\isFile.js","statementMap":{"0":{"start":{"line":1,"column":0},"end":{"line":3,"column":1}},"1":{"start":{"line":2,"column":4},"end":{"line":2,"column":28}},"2":{"start":{"line":4,"column":11},"end":{"line":4,"column":24}},"3":{"start":{"line":5,"column":13},"end":{"line":5,"column":28}},"4":{"start":{"line":6,"column":13},"end":{"line":6,"column":28}},"5":{"start":{"line":7,"column":13},"end":{"line":7,"column":36}},"6":{"start":{"line":8,"column":16},"end":{"line":8,"column":42}},"7":{"start":{"line":9,"column":16},"end":{"line":9,"column":38}},"8":{"start":{"line":13,"column":18},"end":{"line":13,"column":23}},"9":{"start":{"line":14,"column":18},"end":{"line":14,"column":37}},"10":{"start":{"line":15,"column":16},"end":{"line":15,"column":18}},"11":{"start":{"line":16,"column":16},"end":{"line":16,"column":33}},"12":{"start":{"line":17,"column":4},"end":{"line":27,"column":5}},"13":{"start":{"line":18,"column":22},"end":{"line":18,"column":42}},"14":{"start":{"line":19,"column":8},"end":{"line":23,"column":9}},"15":{"start":{"line":20,"column":29},"end":{"line":20,"column":51}},"16":{"start":{"line":21,"column":31},"end":{"line":21,"column":54}},"17":{"start":{"line":22,"column":16},"end":{"line":22,"column":40}},"18":{"start":{"line":24,"column":11},"end":{"line":27,"column":5}},"19":{"start":{"line":25,"column":8},"end":{"line":25,"column":26}},"20":{"start":{"line":28,"column":4},"end":{"line":28,"column":17}}},"fnMap":{"0":{"name":"(anonymous_0)","decl":{"start":{"line":1,"column":20},"end":{"line":1,"column":21}},"loc":{"start":{"line":1,"column":31},"end":{"line":3,"column":1}},"line":1},"1":{"name":"recursive","decl":{"start":{"line":11,"column":15},"end":{"line":11,"column":24}},"loc":{"start":{"line":11,"column":32},"end":{"line":29,"column":1}},"line":11}},"branchMap":{"0":{"loc":{"start":{"line":17,"column":4},"end":{"line":27,"column":5}},"type":"if","locations":[{"start":{"line":17,"column":4},"end":{"line":27,"column":5}},{"start":{"line":17,"column":4},"end":{"line":27,"column":5}}],"line":17},"1":{"loc":{"start":{"line":24,"column":11},"end":{"line":27,"column":5}},"type":"if","locations":[{"start":{"line":24,"column":11},"end":{"line":27,"column":5}},{"start":{"line":24,"column":11},"end":{"line":27,"column":5}}],"line":24},"2":{"loc":{"start":{"line":24,"column":15},"end":{"line":24,"column":50}},"type":"binary-expr","locations":[{"start":{"line":24,"column":15},"end":{"line":24,"column":29}},{"start":{"line":24,"column":33},"end":{"line":24,"column":50}}],"line":24}},"s":{"0":1,"1":3,"2":1,"3":1,"4":1,"5":1,"6":1,"7":1,"8":3,"9":3,"10":3,"11":3,"12":3,"13":0,"14":0,"15":0,"16":0,"17":0,"18":3,"19":3,"20":3},"f":{"0":3,"1":3},"b":{"0":[0,3],"1":[3,0],"2":[3,3]},"_coverageSchema":"332fd63041d2c1bcb487cc26dd0d5f7d97098a6c","hash":"a02eeefa43b64e7264847f8bce5046c7cd0c81b0"}
,"C:\\Users\\ANDREA\\Documents\\JavaScript\\marckdown\\lim20181-Track-FE-markdown-list\\js\\stats.js": {"path":"C:\\Users\\ANDREA\\Documents\\JavaScript\\marckdown\\lim20181-Track-FE-markdown-list\\js\\stats.js","statementMap":{"0":{"start":{"line":1,"column":10},"end":{"line":1,"column":12}},"1":{"start":{"line":2,"column":8},"end":{"line":2,"column":9}},"2":{"start":{"line":3,"column":18},"end":{"line":3,"column":20}},"3":{"start":{"line":4,"column":0},"end":{"line":30,"column":1}},"4":{"start":{"line":6,"column":4},"end":{"line":29,"column":7}},"5":{"start":{"line":7,"column":27},"end":{"line":7,"column":29}},"6":{"start":{"line":9,"column":8},"end":{"line":28,"column":9}},"7":{"start":{"line":10,"column":12},"end":{"line":12,"column":13}},"8":{"start":{"line":11,"column":16},"end":{"line":11,"column":50}},"9":{"start":{"line":14,"column":25},"end":{"line":16,"column":14}},"10":{"start":{"line":15,"column":16},"end":{"line":15,"column":57}},"11":{"start":{"line":18,"column":27},"end":{"line":21,"column":13}},"12":{"start":{"line":25,"column":12},"end":{"line":25,"column":29}},"13":{"start":{"line":27,"column":12},"end":{"line":27,"column":26}}},"fnMap":{"0":{"name":"(anonymous_0)","decl":{"start":{"line":4,"column":16},"end":{"line":4,"column":17}},"loc":{"start":{"line":4,"column":28},"end":{"line":30,"column":1}},"line":4},"1":{"name":"(anonymous_1)","decl":{"start":{"line":6,"column":23},"end":{"line":6,"column":24}},"loc":{"start":{"line":6,"column":44},"end":{"line":29,"column":5}},"line":6},"2":{"name":"(anonymous_2)","decl":{"start":{"line":14,"column":45},"end":{"line":14,"column":46}},"loc":{"start":{"line":14,"column":66},"end":{"line":16,"column":13}},"line":14}},"branchMap":{},"s":{"0":1,"1":1,"2":1,"3":1,"4":2,"5":2,"6":2,"7":2,"8":8,"9":2,"10":8,"11":2,"12":2,"13":0},"f":{"0":2,"1":2,"2":8},"b":{},"_coverageSchema":"332fd63041d2c1bcb487cc26dd0d5f7d97098a6c","hash":"1c66e03be83d36befcb422ec15b5ea93347e05ac"}
,"C:\\Users\\ANDREA\\Documents\\JavaScript\\marckdown\\lim20181-Track-FE-markdown-list\\js\\validate.js": {"path":"C:\\Users\\ANDREA\\Documents\\JavaScript\\marckdown\\lim20181-Track-FE-markdown-list\\js\\validate.js","statementMap":{"0":{"start":{"line":1,"column":13},"end":{"line":1,"column":39}},"1":{"start":{"line":2,"column":0},"end":{"line":62,"column":1}},"2":{"start":{"line":3,"column":23},"end":{"line":3,"column":25}},"3":{"start":{"line":4,"column":17},"end":{"line":59,"column":3}},"4":{"start":{"line":6,"column":2},"end":{"line":56,"column":5}},"5":{"start":{"line":7,"column":3},"end":{"line":55,"column":4}},"6":{"start":{"line":8,"column":25},"end":{"line":8,"column":60}},"7":{"start":{"line":9,"column":20},"end":{"line":9,"column":46}},"8":{"start":{"line":10,"column":15},"end":{"line":10,"column":36}},"9":{"start":{"line":11,"column":22},"end":{"line":11,"column":42}},"10":{"start":{"line":12,"column":27},"end":{"line":12,"column":50}},"11":{"start":{"line":13,"column":26},"end":{"line":13,"column":54}},"12":{"start":{"line":14,"column":4},"end":{"line":52,"column":5}},"13":{"start":{"line":15,"column":20},"end":{"line":15,"column":44}},"14":{"start":{"line":16,"column":28},"end":{"line":16,"column":46}},"15":{"start":{"line":17,"column":5},"end":{"line":51,"column":8}},"16":{"start":{"line":23,"column":21},"end":{"line":29,"column":8}},"17":{"start":{"line":31,"column":7},"end":{"line":31,"column":35}},"18":{"start":{"line":32,"column":7},"end":{"line":34,"column":8}},"19":{"start":{"line":33,"column":8},"end":{"line":33,"column":30}},"20":{"start":{"line":38,"column":24},"end":{"line":44,"column":8}},"21":{"start":{"line":46,"column":7},"end":{"line":46,"column":38}},"22":{"start":{"line":47,"column":7},"end":{"line":49,"column":8}},"23":{"start":{"line":48,"column":8},"end":{"line":48,"column":30}},"24":{"start":{"line":54,"column":4},"end":{"line":54,"column":18}},"25":{"start":{"line":61,"column":1},"end":{"line":61,"column":16}}},"fnMap":{"0":{"name":"(anonymous_0)","decl":{"start":{"line":2,"column":19},"end":{"line":2,"column":20}},"loc":{"start":{"line":2,"column":37},"end":{"line":62,"column":1}},"line":2},"1":{"name":"(anonymous_1)","decl":{"start":{"line":4,"column":29},"end":{"line":4,"column":30}},"loc":{"start":{"line":4,"column":50},"end":{"line":59,"column":2}},"line":4},"2":{"name":"(anonymous_2)","decl":{"start":{"line":6,"column":13},"end":{"line":6,"column":14}},"loc":{"start":{"line":6,"column":21},"end":{"line":56,"column":3}},"line":6},"3":{"name":"(anonymous_3)","decl":{"start":{"line":21,"column":12},"end":{"line":21,"column":13}},"loc":{"start":{"line":21,"column":24},"end":{"line":36,"column":7}},"line":21},"4":{"name":"(anonymous_4)","decl":{"start":{"line":37,"column":13},"end":{"line":37,"column":14}},"loc":{"start":{"line":37,"column":20},"end":{"line":51,"column":7}},"line":37}},"branchMap":{"0":{"loc":{"start":{"line":14,"column":4},"end":{"line":52,"column":5}},"type":"if","locations":[{"start":{"line":14,"column":4},"end":{"line":52,"column":5}},{"start":{"line":14,"column":4},"end":{"line":52,"column":5}}],"line":14},"1":{"loc":{"start":{"line":32,"column":7},"end":{"line":34,"column":8}},"type":"if","locations":[{"start":{"line":32,"column":7},"end":{"line":34,"column":8}},{"start":{"line":32,"column":7},"end":{"line":34,"column":8}}],"line":32},"2":{"loc":{"start":{"line":47,"column":7},"end":{"line":49,"column":8}},"type":"if","locations":[{"start":{"line":47,"column":7},"end":{"line":49,"column":8}},{"start":{"line":47,"column":7},"end":{"line":49,"column":8}}],"line":47}},"s":{"0":1,"1":1,"2":2,"3":2,"4":2,"5":8,"6":8,"7":8,"8":8,"9":8,"10":8,"11":8,"12":8,"13":8,"14":8,"15":8,"16":8,"17":8,"18":8,"19":2,"20":0,"21":0,"22":0,"23":0,"24":0,"25":2},"f":{"0":2,"1":2,"2":8,"3":8,"4":0},"b":{"0":[8,0],"1":[2,6],"2":[0,0]},"_coverageSchema":"332fd63041d2c1bcb487cc26dd0d5f7d97098a6c","hash":"65eb1211ee41dd75921d6a92aab7c3ddbc7823ed"}
}
