TN:
SF:C:\Users\ANDREA\Documents\JavaScript\marckdown\lim20181-Track-FE-markdown-list\index.js
FN:6,(anonymous_0)
FN:8,(anonymous_1)
FN:9,(anonymous_2)
FN:10,(anonymous_3)
FN:18,(anonymous_4)
FN:39,(anonymous_5)
FN:50,(anonymous_6)
FN:68,(anonymous_7)
FN:90,(anonymous_8)
FN:108,(anonymous_9)
FNF:10
FNH:9
FNDA:3,(anonymous_0)
FNDA:3,(anonymous_1)
FNDA:3,(anonymous_2)
FNDA:3,(anonymous_3)
FNDA:3,(anonymous_4)
FNDA:1,(anonymous_5)
FNDA:1,(anonymous_6)
FNDA:1,(anonymous_7)
FNDA:1,(anonymous_8)
FNDA:0,(anonymous_9)
DA:1,1
DA:2,1
DA:3,1
DA:4,1
DA:5,1
DA:6,1
DA:8,3
DA:9,3
DA:10,3
DA:16,3
DA:18,3
DA:20,3
DA:21,3
DA:22,3
DA:23,3
DA:25,3
DA:26,3
DA:27,3
DA:28,3
DA:29,12
DA:30,12
DA:33,3
DA:35,3
DA:36,3
DA:37,1
DA:39,1
DA:41,1
DA:42,4
DA:43,4
DA:44,4
DA:45,0
DA:50,1
DA:52,1
DA:58,1
DA:66,2
DA:68,1
DA:69,1
DA:73,1
DA:75,1
DA:77,1
DA:78,4
DA:79,4
DA:80,4
DA:82,4
DA:83,4
DA:86,4
DA:90,1
DA:94,1
DA:99,1
DA:106,0
DA:108,0
DA:109,0
DA:110,0
DA:111,0
DA:112,0
DA:113,0
DA:114,0
DA:115,0
DA:116,0
DA:117,0
DA:118,0
DA:119,0
DA:125,0
DA:131,0
DA:136,0
LF:65
LH:48
BRDA:25,0,0,3
BRDA:25,0,1,0
BRDA:29,1,0,12
BRDA:29,1,1,0
BRDA:29,2,0,12
BRDA:29,2,1,12
BRDA:35,3,0,3
BRDA:35,3,1,0
BRDA:36,4,0,1
BRDA:36,4,1,2
BRDA:36,5,0,3
BRDA:36,5,1,2
BRDA:42,6,0,4
BRDA:42,6,1,0
BRDA:44,7,0,0
BRDA:44,7,1,4
BRDA:66,8,0,1
BRDA:66,8,1,1
BRDA:73,9,0,1
BRDA:73,9,1,0
BRDA:82,10,0,4
BRDA:82,10,1,0
BRDA:116,11,0,0
BRDA:116,11,1,0
BRF:24
BRH:15
end_of_record
TN:
SF:C:\Users\ANDREA\Documents\JavaScript\marckdown\lim20181-Track-FE-markdown-list\js\isFile.js
FN:1,(anonymous_0)
FN:11,recursive
FNF:2
FNH:2
FNDA:3,(anonymous_0)
FNDA:3,recursive
DA:1,1
DA:2,3
DA:4,1
DA:5,1
DA:6,1
DA:7,1
DA:8,1
DA:9,1
DA:13,3
DA:14,3
DA:15,3
DA:16,3
DA:17,3
DA:18,0
DA:19,0
DA:20,0
DA:21,0
DA:22,0
DA:24,3
DA:25,3
DA:28,3
LF:21
LH:16
BRDA:17,0,0,0
BRDA:17,0,1,3
BRDA:24,1,0,3
BRDA:24,1,1,0
BRDA:24,2,0,3
BRDA:24,2,1,3
BRF:6
BRH:4
end_of_record
TN:
SF:C:\Users\ANDREA\Documents\JavaScript\marckdown\lim20181-Track-FE-markdown-list\js\stats.js
FN:4,(anonymous_0)
FN:6,(anonymous_1)
FN:14,(anonymous_2)
FNF:3
FNH:3
FNDA:2,(anonymous_0)
FNDA:2,(anonymous_1)
FNDA:8,(anonymous_2)
DA:1,1
DA:2,1
DA:3,1
DA:4,1
DA:6,2
DA:7,2
DA:9,2
DA:10,2
DA:11,8
DA:14,2
DA:15,8
DA:18,2
DA:25,2
DA:27,0
LF:14
LH:13
BRF:0
BRH:0
end_of_record
TN:
SF:C:\Users\ANDREA\Documents\JavaScript\marckdown\lim20181-Track-FE-markdown-list\js\validate.js
FN:2,(anonymous_0)
FN:4,(anonymous_1)
FN:6,(anonymous_2)
FN:21,(anonymous_3)
FN:37,(anonymous_4)
FNF:5
FNH:4
FNDA:2,(anonymous_0)
FNDA:2,(anonymous_1)
FNDA:8,(anonymous_2)
FNDA:8,(anonymous_3)
FNDA:0,(anonymous_4)
DA:1,1
DA:2,1
DA:3,2
DA:4,2
DA:6,2
DA:7,8
DA:8,8
DA:9,8
DA:10,8
DA:11,8
DA:12,8
DA:13,8
DA:14,8
DA:15,8
DA:16,8
DA:17,8
DA:23,8
DA:31,8
DA:32,8
DA:33,2
DA:38,0
DA:46,0
DA:47,0
DA:48,0
DA:54,0
DA:61,2
LF:26
LH:21
BRDA:14,0,0,8
BRDA:14,0,1,0
BRDA:32,1,0,2
BRDA:32,1,1,6
BRDA:47,2,0,0
BRDA:47,2,1,0
BRF:6
BRH:3
end_of_record
