TN:
SF:C:\Users\ANDREA\Documents\JavaScript\marckdown\lim20181-Track-FE-markdown-list\index.js
FN:6,(anonymous_0)
FN:8,(anonymous_1)
FN:11,(anonymous_2)
FN:32,(anonymous_3)
FN:43,(anonymous_4)
FN:61,(anonymous_5)
FN:83,(anonymous_6)
FN:101,(anonymous_7)
FNF:8
FNH:7
FNDA:3,(anonymous_0)
FNDA:3,(anonymous_1)
FNDA:3,(anonymous_2)
FNDA:1,(anonymous_3)
FNDA:1,(anonymous_4)
FNDA:1,(anonymous_5)
FNDA:1,(anonymous_6)
FNDA:0,(anonymous_7)
DA:1,1
DA:2,1
DA:3,1
DA:6,1
DA:8,3
DA:9,3
DA:11,3
DA:13,3
DA:14,3
DA:15,3
DA:16,3
DA:18,3
DA:19,3
DA:20,3
DA:21,3
DA:22,12
DA:23,12
DA:26,3
DA:28,3
DA:29,3
DA:30,1
DA:32,1
DA:34,1
DA:35,4
DA:36,4
DA:37,4
DA:38,0
DA:43,1
DA:45,1
DA:51,1
DA:59,2
DA:61,1
DA:62,1
DA:66,1
DA:68,1
DA:70,1
DA:71,4
DA:72,4
DA:73,4
DA:75,4
DA:76,4
DA:79,4
DA:83,1
DA:87,1
DA:92,1
DA:99,0
DA:101,0
DA:102,0
DA:103,0
DA:104,0
DA:105,0
DA:106,0
DA:107,0
DA:109,0
DA:110,0
DA:112,0
DA:118,0
DA:121,0
DA:126,0
LF:59
LH:44
BRDA:18,0,0,3
BRDA:18,0,1,0
BRDA:22,1,0,12
BRDA:22,1,1,0
BRDA:22,2,0,12
BRDA:22,2,1,12
BRDA:28,3,0,3
BRDA:28,3,1,0
BRDA:29,4,0,1
BRDA:29,4,1,2
BRDA:29,5,0,3
BRDA:29,5,1,2
BRDA:35,6,0,4
BRDA:35,6,1,0
BRDA:37,7,0,0
BRDA:37,7,1,4
BRDA:59,8,0,1
BRDA:59,8,1,1
BRDA:66,9,0,1
BRDA:66,9,1,0
BRDA:75,10,0,4
BRDA:75,10,1,0
BRF:22
BRH:15
end_of_record
TN:
SF:C:\Users\ANDREA\Documents\JavaScript\marckdown\lim20181-Track-FE-markdown-list\js\stats.js
FN:4,(anonymous_0)
FN:6,(anonymous_1)
FN:14,(anonymous_2)
FNF:3
FNH:3
FNDA:2,(anonymous_0)
FNDA:2,(anonymous_1)
FNDA:8,(anonymous_2)
DA:1,1
DA:2,1
DA:3,1
DA:4,1
DA:6,2
DA:7,2
DA:9,2
DA:10,2
DA:11,8
DA:14,2
DA:15,8
DA:18,2
DA:25,2
DA:27,0
LF:14
LH:13
BRF:0
BRH:0
end_of_record
TN:
SF:C:\Users\ANDREA\Documents\JavaScript\marckdown\lim20181-Track-FE-markdown-list\js\validate.js
FN:2,(anonymous_0)
FN:4,(anonymous_1)
FN:6,(anonymous_2)
FN:21,(anonymous_3)
FN:37,(anonymous_4)
FNF:5
FNH:4
FNDA:2,(anonymous_0)
FNDA:2,(anonymous_1)
FNDA:8,(anonymous_2)
FNDA:8,(anonymous_3)
FNDA:0,(anonymous_4)
DA:1,1
DA:2,1
DA:3,2
DA:4,2
DA:6,2
DA:7,8
DA:8,8
DA:9,8
DA:10,8
DA:11,8
DA:12,8
DA:13,8
DA:14,8
DA:15,8
DA:16,8
DA:17,8
DA:23,8
DA:31,8
DA:32,8
DA:33,2
DA:38,0
DA:46,0
DA:47,0
DA:48,0
DA:54,0
DA:61,2
LF:26
LH:21
BRDA:14,0,0,8
BRDA:14,0,1,0
BRDA:32,1,0,2
BRDA:32,1,1,6
BRDA:47,2,0,0
BRDA:47,2,1,0
BRF:6
BRH:3
end_of_record
